
==========================================================================
floorplan final report_tns
--------------------------------------------------------------------------
tns 0.00

==========================================================================
floorplan final report_wns
--------------------------------------------------------------------------
wns 0.00

==========================================================================
floorplan final report_worst_slack
--------------------------------------------------------------------------
worst slack 0.67

==========================================================================
floorplan final report_checks -path_delay min
--------------------------------------------------------------------------
Startpoint: s2 (input port clocked by core_clock)
Endpoint: y0 (output port clocked by core_clock)
Path Group: core_clock
Path Type: min

Fanout     Cap    Slew   Delay    Time   Description
-----------------------------------------------------------------------------
                  0.00    0.00    0.00   clock core_clock (rise edge)
                          0.00    0.00   clock network delay (ideal)
                          0.30    0.30 ^ input external delay
     8    0.02    0.00    0.00    0.30 ^ s2 (in)
                                         s2 (net)
                  0.00    0.00    0.30 ^ _0_/A (sky130_fd_sc_hd__nor4b_2)
     1    0.00    0.02    0.01    0.31 v _0_/Y (sky130_fd_sc_hd__nor4b_2)
                                         y0 (net)
                  0.02    0.00    0.31 v y0 (out)
                                  0.31   data arrival time

                  0.00    0.00    0.00   clock core_clock (rise edge)
                          0.00    0.00   clock network delay (ideal)
                          0.00    0.00   clock reconvergence pessimism
                         -0.30   -0.30   output external delay
                                 -0.30   data required time
-----------------------------------------------------------------------------
                                 -0.30   data required time
                                 -0.31   data arrival time
-----------------------------------------------------------------------------
                                  0.61   slack (MET)



==========================================================================
floorplan final report_checks -path_delay max
--------------------------------------------------------------------------
Startpoint: s1 (input port clocked by core_clock)
Endpoint: y1 (output port clocked by core_clock)
Path Group: core_clock
Path Type: max

Fanout     Cap    Slew   Delay    Time   Description
-----------------------------------------------------------------------------
                  0.00    0.00    0.00   clock core_clock (rise edge)
                          0.00    0.00   clock network delay (ideal)
                          0.30    0.30 v input external delay
     8    0.01    0.00    0.00    0.30 v s1 (in)
                                         s1 (net)
                  0.00    0.00    0.30 v _1_/B_N (sky130_fd_sc_hd__and4bb_2)
     1    0.00    0.03    0.23    0.53 ^ _1_/X (sky130_fd_sc_hd__and4bb_2)
                                         y1 (net)
                  0.03    0.00    0.53 ^ y1 (out)
                                  0.53   data arrival time

                  0.00    1.50    1.50   clock core_clock (rise edge)
                          0.00    1.50   clock network delay (ideal)
                          0.00    1.50   clock reconvergence pessimism
                         -0.30    1.20   output external delay
                                  1.20   data required time
-----------------------------------------------------------------------------
                                  1.20   data required time
                                 -0.53   data arrival time
-----------------------------------------------------------------------------
                                  0.67   slack (MET)



==========================================================================
floorplan final report_checks -unconstrained
--------------------------------------------------------------------------
Startpoint: s1 (input port clocked by core_clock)
Endpoint: y1 (output port clocked by core_clock)
Path Group: core_clock
Path Type: max

Fanout     Cap    Slew   Delay    Time   Description
-----------------------------------------------------------------------------
                  0.00    0.00    0.00   clock core_clock (rise edge)
                          0.00    0.00   clock network delay (ideal)
                          0.30    0.30 v input external delay
     8    0.01    0.00    0.00    0.30 v s1 (in)
                                         s1 (net)
                  0.00    0.00    0.30 v _1_/B_N (sky130_fd_sc_hd__and4bb_2)
     1    0.00    0.03    0.23    0.53 ^ _1_/X (sky130_fd_sc_hd__and4bb_2)
                                         y1 (net)
                  0.03    0.00    0.53 ^ y1 (out)
                                  0.53   data arrival time

                  0.00    1.50    1.50   clock core_clock (rise edge)
                          0.00    1.50   clock network delay (ideal)
                          0.00    1.50   clock reconvergence pessimism
                         -0.30    1.20   output external delay
                                  1.20   data required time
-----------------------------------------------------------------------------
                                  1.20   data required time
                                 -0.53   data arrival time
-----------------------------------------------------------------------------
                                  0.67   slack (MET)



==========================================================================
floorplan final report_power
--------------------------------------------------------------------------
Group                  Internal  Switching    Leakage      Total
                          Power      Power      Power      Power (Watts)
----------------------------------------------------------------
Sequential             0.00e+00   0.00e+00   0.00e+00   0.00e+00   0.0%
Combinational          7.46e-06   0.00e+00   3.36e-11   7.46e-06 100.0%
Clock                  0.00e+00   0.00e+00   0.00e+00   0.00e+00   0.0%
Macro                  0.00e+00   0.00e+00   0.00e+00   0.00e+00   0.0%
Pad                    0.00e+00   0.00e+00   0.00e+00   0.00e+00   0.0%
----------------------------------------------------------------
Total                  7.46e-06   0.00e+00   3.36e-11   7.46e-06 100.0%
                         100.0%       0.0%       0.0%
