
==========================================================================
global route report_tns
--------------------------------------------------------------------------
tns 0.00

==========================================================================
global route report_wns
--------------------------------------------------------------------------
wns 0.00

==========================================================================
global route report_worst_slack
--------------------------------------------------------------------------
worst slack 0.18

==========================================================================
global route report_clock_skew
--------------------------------------------------------------------------
Clock core_clock
No launch/capture paths found.


==========================================================================
global route report_checks -path_delay min
--------------------------------------------------------------------------
Startpoint: s1 (input port clocked by core_clock)
Endpoint: y0 (output port clocked by core_clock)
Path Group: core_clock
Path Type: min

Fanout     Cap    Slew   Delay    Time   Description
-----------------------------------------------------------------------------
                  0.00    0.00    0.00   clock core_clock (rise edge)
                          0.00    0.00   clock network delay (ideal)
                          0.30    0.30 ^ input external delay
     1    0.00    0.00    0.00    0.30 ^ s1 (in)
                                         s1 (net)
                  0.00    0.00    0.30 ^ input3/A (sky130_fd_sc_hd__clkbuf_2)
     8    0.02    0.14    0.16    0.46 ^ input3/X (sky130_fd_sc_hd__clkbuf_2)
                                         net3 (net)
                  0.14    0.00    0.46 ^ _0_/C (sky130_fd_sc_hd__nor4b_1)
     1    0.01    0.05    0.08    0.54 v _0_/Y (sky130_fd_sc_hd__nor4b_1)
                                         net5 (net)
                  0.05    0.00    0.54 v output5/A (sky130_fd_sc_hd__clkbuf_1)
     1    0.00    0.02    0.09    0.63 v output5/X (sky130_fd_sc_hd__clkbuf_1)
                                         y0 (net)
                  0.02    0.00    0.63 v y0 (out)
                                  0.63   data arrival time

                  0.00    0.00    0.00   clock core_clock (rise edge)
                          0.00    0.00   clock network delay (ideal)
                          0.00    0.00   clock reconvergence pessimism
                         -0.30   -0.30   output external delay
                                 -0.30   data required time
-----------------------------------------------------------------------------
                                 -0.30   data required time
                                 -0.63   data arrival time
-----------------------------------------------------------------------------
                                  0.93   slack (MET)



==========================================================================
global route report_checks -path_delay max
--------------------------------------------------------------------------
Startpoint: s2 (input port clocked by core_clock)
Endpoint: y0 (output port clocked by core_clock)
Path Group: core_clock
Path Type: max

Fanout     Cap    Slew   Delay    Time   Description
-----------------------------------------------------------------------------
                  0.00    0.00    0.00   clock core_clock (rise edge)
                          0.00    0.00   clock network delay (ideal)
                          0.30    0.30 v input external delay
     1    0.00    0.00    0.00    0.30 v s2 (in)
                                         s2 (net)
                  0.00    0.00    0.30 v input4/A (sky130_fd_sc_hd__dlymetal6s2s_1)
     8    0.02    0.12    0.19    0.49 v input4/X (sky130_fd_sc_hd__dlymetal6s2s_1)
                                         net4 (net)
                  0.12    0.00    0.49 v _0_/A (sky130_fd_sc_hd__nor4b_1)
     1    0.01    0.36    0.41    0.90 ^ _0_/Y (sky130_fd_sc_hd__nor4b_1)
                                         net5 (net)
                  0.36    0.00    0.90 ^ output5/A (sky130_fd_sc_hd__clkbuf_1)
     1    0.00    0.04    0.12    1.02 ^ output5/X (sky130_fd_sc_hd__clkbuf_1)
                                         y0 (net)
                  0.04    0.00    1.02 ^ y0 (out)
                                  1.02   data arrival time

                  0.00    1.50    1.50   clock core_clock (rise edge)
                          0.00    1.50   clock network delay (ideal)
                          0.00    1.50   clock reconvergence pessimism
                         -0.30    1.20   output external delay
                                  1.20   data required time
-----------------------------------------------------------------------------
                                  1.20   data required time
                                 -1.02   data arrival time
-----------------------------------------------------------------------------
                                  0.18   slack (MET)



==========================================================================
global route report_checks -unconstrained
--------------------------------------------------------------------------
Startpoint: s2 (input port clocked by core_clock)
Endpoint: y0 (output port clocked by core_clock)
Path Group: core_clock
Path Type: max

Fanout     Cap    Slew   Delay    Time   Description
-----------------------------------------------------------------------------
                  0.00    0.00    0.00   clock core_clock (rise edge)
                          0.00    0.00   clock network delay (ideal)
                          0.30    0.30 v input external delay
     1    0.00    0.00    0.00    0.30 v s2 (in)
                                         s2 (net)
                  0.00    0.00    0.30 v input4/A (sky130_fd_sc_hd__dlymetal6s2s_1)
     8    0.02    0.12    0.19    0.49 v input4/X (sky130_fd_sc_hd__dlymetal6s2s_1)
                                         net4 (net)
                  0.12    0.00    0.49 v _0_/A (sky130_fd_sc_hd__nor4b_1)
     1    0.01    0.36    0.41    0.90 ^ _0_/Y (sky130_fd_sc_hd__nor4b_1)
                                         net5 (net)
                  0.36    0.00    0.90 ^ output5/A (sky130_fd_sc_hd__clkbuf_1)
     1    0.00    0.04    0.12    1.02 ^ output5/X (sky130_fd_sc_hd__clkbuf_1)
                                         y0 (net)
                  0.04    0.00    1.02 ^ y0 (out)
                                  1.02   data arrival time

                  0.00    1.50    1.50   clock core_clock (rise edge)
                          0.00    1.50   clock network delay (ideal)
                          0.00    1.50   clock reconvergence pessimism
                         -0.30    1.20   output external delay
                                  1.20   data required time
-----------------------------------------------------------------------------
                                  1.20   data required time
                                 -1.02   data arrival time
-----------------------------------------------------------------------------
                                  0.18   slack (MET)



==========================================================================
global route report_check_types -max_slew -max_cap -max_fanout -violators
--------------------------------------------------------------------------

==========================================================================
global route max_slew_check_slack
--------------------------------------------------------------------------
1.1230103969573975

==========================================================================
global route max_slew_check_limit
--------------------------------------------------------------------------
1.479159951210022

==========================================================================
global route max_slew_check_slack_limit
--------------------------------------------------------------------------
0.7592

==========================================================================
global route max_fanout_check_slack
--------------------------------------------------------------------------
1.0000000150474662e+30

==========================================================================
global route max_fanout_check_limit
--------------------------------------------------------------------------
1.0000000150474662e+30

==========================================================================
global route max_capacitance_check_slack
--------------------------------------------------------------------------
0.027852049097418785

==========================================================================
global route max_capacitance_check_limit
--------------------------------------------------------------------------
0.03388400003314018

==========================================================================
global route max_capacitance_check_slack_limit
--------------------------------------------------------------------------
0.8220

==========================================================================
global route max_slew_violation_count
--------------------------------------------------------------------------
max slew violation count 0

==========================================================================
global route max_fanout_violation_count
--------------------------------------------------------------------------
max fanout violation count 0

==========================================================================
global route max_cap_violation_count
--------------------------------------------------------------------------
max cap violation count 0

==========================================================================
global route setup_violation_count
--------------------------------------------------------------------------
setup violation count 0

==========================================================================
global route hold_violation_count
--------------------------------------------------------------------------
hold violation count 0

==========================================================================
global route critical path delay
--------------------------------------------------------------------------
1.0241

==========================================================================
global route critical path slack
--------------------------------------------------------------------------
0.1759

==========================================================================
global route slack div critical path delay
--------------------------------------------------------------------------
17.176057

==========================================================================
global route report_power
--------------------------------------------------------------------------
Group                  Internal  Switching    Leakage      Total
                          Power      Power      Power      Power (Watts)
----------------------------------------------------------------
Sequential             0.00e+00   0.00e+00   0.00e+00   0.00e+00   0.0%
Combinational          1.52e-05   1.32e-05   9.50e-11   2.84e-05 100.0%
Clock                  0.00e+00   0.00e+00   0.00e+00   0.00e+00   0.0%
Macro                  0.00e+00   0.00e+00   0.00e+00   0.00e+00   0.0%
Pad                    0.00e+00   0.00e+00   0.00e+00   0.00e+00   0.0%
----------------------------------------------------------------
Total                  1.52e-05   1.32e-05   9.50e-11   2.84e-05 100.0%
                          53.5%      46.5%       0.0%
